
11월 29, 2023 18:31:44.54 NEW SESSION
11월 29, 2023 18:31:44.54 [17976:1196:1129/183144.543:ERROR:connection_factory_impl.cc(471)] ConnectionHandler failed with net error: -2
11월 29, 2023 18:52:25.67 [17976:1196:1129/185225.673:ERROR:connection_factory_impl.cc(471)] ConnectionHandler failed with net error: -2
11월 29, 2023 19:00:25.79 [17976:1196:1129/190025.790:ERROR:connection_factory_impl.cc(428)] Failed to connect to MCS endpoint with error -7
11월 29, 2023 20:02:33.53 [15612:15540:1129/200233.534:ERROR:connection_factory_impl.cc(471)] ConnectionHandler failed with net error: -2
11월 29, 2023 20:10:48.13 [15612:15540:1129/201048.135:ERROR:connection_factory_impl.cc(428)] Failed to connect to MCS endpoint with error -7

11월 30, 2023 17:18:28.82 NEW SESSION
11월 30, 2023 17:18:28.82 [4360:15764:1130/171828.821:ERROR:interface_endpoint_client.cc(702)] Message 0 rejected by interface blink.mojom.WidgetHost

12월 04, 2023 17:51:57.65 NEW SESSION
12월 04, 2023 17:51:57.65 [17672:13620:1204/175157.653:ERROR:device_event_log_impl.cc(192)] [17:51:57.652] USB: usb_service_win.cc:104 SetupDiGetDeviceProperty({{A45C254E-DF1C-4EFD-8020-67D146A850E0}, 6}) failed: 요소가 없습니다. (0x490)
12월 04, 2023 17:52:16.77 [17672:13620:1204/175216.770:ERROR:device_event_log_impl.cc(192)] [17:52:16.769] USB: usb_service_win.cc:104 SetupDiGetDeviceProperty({{A45C254E-DF1C-4EFD-8020-67D146A850E0}, 6}) failed: 요소가 없습니다. (0x490)
12월 04, 2023 17:55:12.92 [17672:13620:1204/175512.923:ERROR:device_event_log_impl.cc(192)] [17:55:12.923] USB: usb_service_win.cc:104 SetupDiGetDeviceProperty({{A45C254E-DF1C-4EFD-8020-67D146A850E0}, 6}) failed: 요소가 없습니다. (0x490)
12월 04, 2023 17:58:30.17 [17328:11368:1204/175830.175:ERROR:device_event_log_impl.cc(192)] [17:58:30.175] USB: usb_service_win.cc:104 SetupDiGetDeviceProperty({{A45C254E-DF1C-4EFD-8020-67D146A850E0}, 6}) failed: 요소가 없습니다. (0x490)

12월 06, 2023 17:27:09.15 NEW SESSION
12월 06, 2023 17:27:09.15 [14716:2116:1206/172709.150:ERROR:device_event_log_impl.cc(192)] [17:27:09.149] USB: usb_service_win.cc:104 SetupDiGetDeviceProperty({{A45C254E-DF1C-4EFD-8020-67D146A850E0}, 6}) failed: 요소가 없습니다. (0x490)
12월 06, 2023 18:01:08.20 [12624:10604:1206/180108.205:ERROR:device_event_log_impl.cc(192)] [18:01:08.190] USB: usb_service_win.cc:104 SetupDiGetDeviceProperty({{A45C254E-DF1C-4EFD-8020-67D146A850E0}, 6}) failed: 요소가 없습니다. (0x490)
12월 06, 2023 18:05:43.46 [10168:816:1206/180543.468:ERROR:device_event_log_impl.cc(192)] [18:05:43.468] USB: usb_service_win.cc:104 SetupDiGetDeviceProperty({{A45C254E-DF1C-4EFD-8020-67D146A850E0}, 6}) failed: 요소가 없습니다. (0x490)
12월 06, 2023 18:39:39.40 [18724:11152:1206/183939.402:ERROR:device_event_log_impl.cc(192)] [18:39:39.402] USB: usb_service_win.cc:104 SetupDiGetDeviceProperty({{A45C254E-DF1C-4EFD-8020-67D146A850E0}, 6}) failed: 요소가 없습니다. (0x490)

12월 07, 2023 18:17:52.62 NEW SESSION
12월 07, 2023 18:17:52.62 [16232:2644:1207/181752.606:ERROR:device_event_log_impl.cc(192)] [18:17:52.606] USB: usb_service_win.cc:104 SetupDiGetDeviceProperty({{A45C254E-DF1C-4EFD-8020-67D146A850E0}, 6}) failed: 요소가 없습니다. (0x490)

12월 14, 2023 18:07:40.52 NEW SESSION
12월 14, 2023 18:07:40.52 [10736:10144:1214/180740.504:ERROR:device_event_log_impl.cc(192)] [18:07:40.517] USB: usb_service_win.cc:104 SetupDiGetDeviceProperty({{A45C254E-DF1C-4EFD-8020-67D146A850E0}, 6}) failed: 요소가 없습니다. (0x490)

12월 20, 2023 10:45:28.85 NEW SESSION
12월 20, 2023 10:45:28.85 [15060:14076:1220/104528.851:ERROR:CONSOLE(0)] "ReferenceError: dragEvent is not defined", source:  (0)
12월 20, 2023 10:45:36.04 [15060:14076:1220/104536.039:ERROR:CONSOLE(0)] "ReferenceError: dragEvent is not defined", source:  (0)
12월 20, 2023 10:45:36.57 [15060:14076:1220/104536.572:ERROR:CONSOLE(0)] "ReferenceError: dragEvent is not defined", source:  (0)
12월 20, 2023 11:54:57.36 [5320:10812:1220/115457.365:ERROR:interface_endpoint_client.cc(702)] Message 5 rejected by interface blink.mojom.WidgetHost
12월 20, 2023 15:19:31.65 [6004:8516:1220/151931.652:ERROR:device_event_log_impl.cc(192)] [15:19:31.652] USB: usb_service_win.cc:104 SetupDiGetDeviceProperty({{A45C254E-DF1C-4EFD-8020-67D146A850E0}, 6}) failed: 요소가 없습니다. (0x490)

12월 22, 2023 18:44:03.32 NEW SESSION
12월 22, 2023 18:44:03.32 [2068:18420:1222/184403.313:ERROR:CONSOLE(0)] "ReferenceError: dragEvent is not defined", source:  (0)

12월 24, 2023 18:40:11.63 NEW SESSION
12월 24, 2023 18:40:11.63 [2492:10516:1224/184011.633:ERROR:usb_descriptors.cc(141)] Failed to read length for configuration 1.
12월 24, 2023 18:40:11.63 [2492:10516:1224/184011.634:ERROR:usb_descriptors.cc(100)] Failed to read all configuration descriptors. Expected 2, got 1.
12월 24, 2023 18:40:11.63 [2492:10516:1224/184011.634:ERROR:device_event_log_impl.cc(192)] [18:40:11.633] USB: usb_device_win.cc:95 Failed to read descriptors from \\?\usb#vid_0bda&pid_8153#001000001#{a5dcbf10-6530-11d2-901f-00c04fb951ed}.

12월 25, 2023 15:34:24.06 NEW SESSION
12월 25, 2023 15:34:24.06 [13340:12896:1225/153424.064:ERROR:usb_descriptors.cc(141)] Failed to read length for configuration 1.
12월 25, 2023 15:34:24.07 [13340:12896:1225/153424.064:ERROR:usb_descriptors.cc(100)] Failed to read all configuration descriptors. Expected 2, got 1.
12월 25, 2023 15:34:24.07 [13340:12896:1225/153424.064:ERROR:device_event_log_impl.cc(192)] [15:34:24.065] USB: usb_device_win.cc:95 Failed to read descriptors from \\?\usb#vid_0bda&pid_8153#001000001#{a5dcbf10-6530-11d2-901f-00c04fb951ed}.
12월 25, 2023 16:08:48.95 [800:12260:1225/160848.954:ERROR:usb_descriptors.cc(141)] Failed to read length for configuration 1.
12월 25, 2023 16:08:48.95 [800:12260:1225/160848.955:ERROR:usb_descriptors.cc(100)] Failed to read all configuration descriptors. Expected 2, got 1.
12월 25, 2023 16:08:48.95 [800:12260:1225/160848.955:ERROR:device_event_log_impl.cc(192)] [16:08:48.954] USB: usb_device_win.cc:95 Failed to read descriptors from \\?\usb#vid_0bda&pid_8153#001000001#{a5dcbf10-6530-11d2-901f-00c04fb951ed}.
12월 25, 2023 16:09:18.31 [9388:11760:1225/160918.311:ERROR:usb_descriptors.cc(141)] Failed to read length for configuration 1.
12월 25, 2023 16:09:18.31 [9388:11760:1225/160918.311:ERROR:usb_descriptors.cc(100)] Failed to read all configuration descriptors. Expected 2, got 1.
12월 25, 2023 16:09:18.31 [9388:11760:1225/160918.312:ERROR:device_event_log_impl.cc(192)] [16:09:18.312] USB: usb_device_win.cc:95 Failed to read descriptors from \\?\usb#vid_0bda&pid_8153#001000001#{a5dcbf10-6530-11d2-901f-00c04fb951ed}.
12월 25, 2023 16:34:18.84 [9388:11760:1225/163418.842:ERROR:device_event_log_impl.cc(192)] [16:34:18.854] USB: usb_service_win.cc:104 SetupDiGetDeviceProperty({{A45C254E-DF1C-4EFD-8020-67D146A850E0}, 6}) failed: 요소가 없습니다. (0x490)
12월 25, 2023 16:34:23.04 [9388:11760:1225/163423.042:ERROR:device_event_log_impl.cc(192)] [16:34:23.041] USB: usb_service_win.cc:104 SetupDiGetDeviceProperty({{A45C254E-DF1C-4EFD-8020-67D146A850E0}, 6}) failed: 요소가 없습니다. (0x490)
12월 25, 2023 16:45:32.83 [12448:18144:1225/164532.838:ERROR:usb_descriptors.cc(141)] Failed to read length for configuration 1.
12월 25, 2023 16:45:32.83 [12448:18144:1225/164532.838:ERROR:usb_descriptors.cc(100)] Failed to read all configuration descriptors. Expected 2, got 1.
12월 25, 2023 16:45:32.83 [12448:18144:1225/164532.838:ERROR:device_event_log_impl.cc(192)] [16:45:32.838] USB: usb_device_win.cc:95 Failed to read descriptors from \\?\usb#vid_0bda&pid_8153#001000001#{a5dcbf10-6530-11d2-901f-00c04fb951ed}.
12월 25, 2023 16:47:09.92 [7304:3232:1225/164709.927:ERROR:usb_descriptors.cc(141)] Failed to read length for configuration 1.
12월 25, 2023 16:47:09.92 [7304:3232:1225/164709.927:ERROR:usb_descriptors.cc(100)] Failed to read all configuration descriptors. Expected 2, got 1.
12월 25, 2023 16:47:09.92 [7304:3232:1225/164709.927:ERROR:device_event_log_impl.cc(192)] [16:47:09.926] USB: usb_device_win.cc:95 Failed to read descriptors from \\?\usb#vid_0bda&pid_8153#001000001#{a5dcbf10-6530-11d2-901f-00c04fb951ed}.

12월 25, 2023 17:13:38.70 NEW SESSION
12월 25, 2023 17:13:38.70 [18704:16244:1225/171338.700:ERROR:usb_descriptors.cc(141)] Failed to read length for configuration 1.
12월 25, 2023 17:13:38.70 [18704:16244:1225/171338.701:ERROR:usb_descriptors.cc(100)] Failed to read all configuration descriptors. Expected 2, got 1.
12월 25, 2023 17:13:38.70 [18704:16244:1225/171338.701:ERROR:device_event_log_impl.cc(192)] [17:13:38.702] USB: usb_device_win.cc:95 Failed to read descriptors from \\?\usb#vid_0bda&pid_8153#001000001#{a5dcbf10-6530-11d2-901f-00c04fb951ed}.
12월 25, 2023 19:57:21.08 [18704:16244:1225/195721.080:ERROR:device_event_log_impl.cc(192)] [19:57:21.089] USB: usb_service_win.cc:104 SetupDiGetDeviceProperty({{A45C254E-DF1C-4EFD-8020-67D146A850E0}, 6}) failed: 요소가 없습니다. (0x490)
12월 25, 2023 19:57:25.86 [18704:16244:1225/195725.866:ERROR:device_event_log_impl.cc(192)] [19:57:25.870] USB: usb_service_win.cc:104 SetupDiGetDeviceProperty({{A45C254E-DF1C-4EFD-8020-67D146A850E0}, 6}) failed: 요소가 없습니다. (0x490)
12월 25, 2023 20:08:43.90 [18704:16244:1225/200843.906:ERROR:device_event_log_impl.cc(192)] [20:08:43.907] USB: usb_service_win.cc:104 SetupDiGetDeviceProperty({{A45C254E-DF1C-4EFD-8020-67D146A850E0}, 6}) failed: 요소가 없습니다. (0x490)
12월 25, 2023 20:08:43.91 [18704:16244:1225/200843.913:ERROR:device_event_log_impl.cc(192)] [20:08:43.913] USB: usb_service_win.cc:307 SetupDiEnumDeviceInterfaces: 사용 가능한 데이터가 없습니다. (0x103)
12월 25, 2023 20:36:07.81 [18704:16244:1225/203607.814:ERROR:device_event_log_impl.cc(192)] [20:36:07.814] USB: usb_service_win.cc:104 SetupDiGetDeviceProperty({{A45C254E-DF1C-4EFD-8020-67D146A850E0}, 6}) failed: 요소가 없습니다. (0x490)
12월 25, 2023 20:36:07.81 [18704:16244:1225/203607.818:ERROR:device_event_log_impl.cc(192)] [20:36:07.817] USB: usb_service_win.cc:307 SetupDiEnumDeviceInterfaces: 사용 가능한 데이터가 없습니다. (0x103)
12월 25, 2023 20:55:14.95 [18704:16244:1225/205514.958:ERROR:device_event_log_impl.cc(192)] [20:55:14.957] USB: usb_service_win.cc:104 SetupDiGetDeviceProperty({{A45C254E-DF1C-4EFD-8020-67D146A850E0}, 6}) failed: 요소가 없습니다. (0x490)
12월 25, 2023 21:05:33.83 [18704:16244:1225/210533.831:ERROR:device_event_log_impl.cc(192)] [21:05:33.831] USB: usb_service_win.cc:104 SetupDiGetDeviceProperty({{A45C254E-DF1C-4EFD-8020-67D146A850E0}, 6}) failed: 요소가 없습니다. (0x490)
12월 25, 2023 21:05:33.83 [18704:16244:1225/210533.834:ERROR:device_event_log_impl.cc(192)] [21:05:33.834] USB: usb_service_win.cc:307 SetupDiEnumDeviceInterfaces: 사용 가능한 데이터가 없습니다. (0x103)
12월 25, 2023 21:40:54.20 [18704:16244:1225/214054.201:ERROR:device_event_log_impl.cc(192)] [21:40:54.201] USB: usb_service_win.cc:104 SetupDiGetDeviceProperty({{A45C254E-DF1C-4EFD-8020-67D146A850E0}, 6}) failed: 요소가 없습니다. (0x490)
12월 25, 2023 21:40:58.40 [18704:16244:1225/214058.400:ERROR:device_event_log_impl.cc(192)] [21:40:58.398] USB: usb_service_win.cc:104 SetupDiGetDeviceProperty({{A45C254E-DF1C-4EFD-8020-67D146A850E0}, 6}) failed: 요소가 없습니다. (0x490)
12월 25, 2023 21:40:58.75 [18704:16244:1225/214058.750:ERROR:device_event_log_impl.cc(192)] [21:40:58.701] USB: usb_service_win.cc:104 SetupDiGetDeviceProperty({{A45C254E-DF1C-4EFD-8020-67D146A850E0}, 6}) failed: 요소가 없습니다. (0x490)
12월 25, 2023 22:26:17.97 [18704:16244:1225/222617.975:ERROR:device_event_log_impl.cc(192)] [22:26:17.889] USB: usb_service_win.cc:104 SetupDiGetDeviceProperty({{A45C254E-DF1C-4EFD-8020-67D146A850E0}, 6}) failed: 요소가 없습니다. (0x490)
12월 25, 2023 22:26:17.97 [18704:16244:1225/222617.979:ERROR:device_event_log_impl.cc(192)] [22:26:17.973] USB: usb_service_win.cc:104 SetupDiGetDeviceProperty({{A45C254E-DF1C-4EFD-8020-67D146A850E0}, 6}) failed: 요소가 없습니다. (0x490)
12월 25, 2023 23:48:09.87 [8616:2944:1225/234809.874:ERROR:usb_descriptors.cc(141)] Failed to read length for configuration 1.
12월 25, 2023 23:48:09.87 [8616:2944:1225/234809.874:ERROR:usb_descriptors.cc(100)] Failed to read all configuration descriptors. Expected 2, got 1.
12월 25, 2023 23:48:09.87 [8616:2944:1225/234809.874:ERROR:device_event_log_impl.cc(192)] [23:48:09.872] USB: usb_device_win.cc:95 Failed to read descriptors from \\?\usb#vid_0bda&pid_8153#001000001#{a5dcbf10-6530-11d2-901f-00c04fb951ed}.
12월 25, 2023 23:50:06.08 [10548:396:1225/235006.088:ERROR:usb_descriptors.cc(141)] Failed to read length for configuration 1.
12월 25, 2023 23:50:06.08 [10548:396:1225/235006.088:ERROR:usb_descriptors.cc(100)] Failed to read all configuration descriptors. Expected 2, got 1.
12월 25, 2023 23:50:06.08 [10548:396:1225/235006.088:ERROR:device_event_log_impl.cc(192)] [23:50:06.084] USB: usb_device_win.cc:95 Failed to read descriptors from \\?\usb#vid_0bda&pid_8153#001000001#{a5dcbf10-6530-11d2-901f-00c04fb951ed}.
12월 25, 2023 23:52:45.26 [12872:16448:1225/235245.259:ERROR:usb_descriptors.cc(141)] Failed to read length for configuration 1.
12월 25, 2023 23:52:45.26 [12872:16448:1225/235245.259:ERROR:usb_descriptors.cc(100)] Failed to read all configuration descriptors. Expected 2, got 1.
12월 25, 2023 23:52:45.26 [12872:16448:1225/235245.259:ERROR:device_event_log_impl.cc(192)] [23:52:45.260] USB: usb_device_win.cc:95 Failed to read descriptors from \\?\usb#vid_0bda&pid_8153#001000001#{a5dcbf10-6530-11d2-901f-00c04fb951ed}.
12월 26, 2023 24:50:56.78 [12872:16448:1226/005056.785:ERROR:device_event_log_impl.cc(192)] [00:50:56.785] USB: usb_service_win.cc:104 SetupDiGetDeviceProperty({{A45C254E-DF1C-4EFD-8020-67D146A850E0}, 6}) failed: 요소가 없습니다. (0x490)
12월 26, 2023 24:51:00.93 [12872:16448:1226/005100.937:ERROR:device_event_log_impl.cc(192)] [00:51:00.938] USB: usb_service_win.cc:104 SetupDiGetDeviceProperty({{A45C254E-DF1C-4EFD-8020-67D146A850E0}, 6}) failed: 요소가 없습니다. (0x490)
12월 26, 2023 01:38:16.93 [14380:12260:1226/013816.930:ERROR:usb_descriptors.cc(141)] Failed to read length for configuration 1.
12월 26, 2023 01:38:16.93 [14380:12260:1226/013816.930:ERROR:usb_descriptors.cc(100)] Failed to read all configuration descriptors. Expected 2, got 1.
12월 26, 2023 01:38:16.93 [14380:12260:1226/013816.930:ERROR:device_event_log_impl.cc(192)] [01:38:16.924] USB: usb_device_win.cc:95 Failed to read descriptors from \\?\usb#vid_0bda&pid_8153#001000001#{a5dcbf10-6530-11d2-901f-00c04fb951ed}.
12월 26, 2023 01:49:21.55 [14380:12260:1226/014921.553:ERROR:device_event_log_impl.cc(192)] [01:49:21.553] USB: usb_service_win.cc:104 SetupDiGetDeviceProperty({{A45C254E-DF1C-4EFD-8020-67D146A850E0}, 6}) failed: 요소가 없습니다. (0x490)
12월 26, 2023 01:49:25.74 [14380:12260:1226/014925.741:ERROR:device_event_log_impl.cc(192)] [01:49:25.728] USB: usb_service_win.cc:104 SetupDiGetDeviceProperty({{A45C254E-DF1C-4EFD-8020-67D146A850E0}, 6}) failed: 요소가 없습니다. (0x490)
12월 26, 2023 02:05:15.43 [14380:12260:1226/020515.430:ERROR:device_event_log_impl.cc(192)] [02:05:15.428] USB: usb_service_win.cc:104 SetupDiGetDeviceProperty({{A45C254E-DF1C-4EFD-8020-67D146A850E0}, 6}) failed: 요소가 없습니다. (0x490)
12월 26, 2023 02:22:33.67 [14948:11240:1226/022233.673:ERROR:usb_descriptors.cc(141)] Failed to read length for configuration 1.
12월 26, 2023 02:22:33.67 [14948:11240:1226/022233.673:ERROR:usb_descriptors.cc(100)] Failed to read all configuration descriptors. Expected 2, got 1.
12월 26, 2023 02:22:33.67 [14948:11240:1226/022233.673:ERROR:device_event_log_impl.cc(192)] [02:22:33.673] USB: usb_device_win.cc:95 Failed to read descriptors from \\?\usb#vid_0bda&pid_8153#001000001#{a5dcbf10-6530-11d2-901f-00c04fb951ed}.
12월 26, 2023 02:39:12.16 [7512:16596:1226/023912.163:ERROR:usb_descriptors.cc(141)] Failed to read length for configuration 1.
12월 26, 2023 02:39:12.16 [7512:16596:1226/023912.163:ERROR:usb_descriptors.cc(100)] Failed to read all configuration descriptors. Expected 2, got 1.
12월 26, 2023 02:39:12.16 [7512:16596:1226/023912.163:ERROR:device_event_log_impl.cc(192)] [02:39:12.163] USB: usb_device_win.cc:95 Failed to read descriptors from \\?\usb#vid_0bda&pid_8153#001000001#{a5dcbf10-6530-11d2-901f-00c04fb951ed}.
12월 26, 2023 02:54:50.00 [12360:9636:1226/025450.000:ERROR:usb_descriptors.cc(141)] Failed to read length for configuration 1.
12월 26, 2023 02:54:50.00 [12360:9636:1226/025450.000:ERROR:usb_descriptors.cc(100)] Failed to read all configuration descriptors. Expected 2, got 1.
12월 26, 2023 02:54:50.00 [12360:9636:1226/025450.000:ERROR:device_event_log_impl.cc(192)] [02:54:50.006] USB: usb_device_win.cc:95 Failed to read descriptors from \\?\usb#vid_0bda&pid_8153#001000001#{a5dcbf10-6530-11d2-901f-00c04fb951ed}.
12월 26, 2023 02:57:04.53 [11752:11596:1226/025704.532:ERROR:usb_descriptors.cc(141)] Failed to read length for configuration 1.
12월 26, 2023 02:57:04.53 [11752:11596:1226/025704.532:ERROR:usb_descriptors.cc(100)] Failed to read all configuration descriptors. Expected 2, got 1.
12월 26, 2023 02:57:04.53 [11752:11596:1226/025704.532:ERROR:device_event_log_impl.cc(192)] [02:57:04.527] USB: usb_device_win.cc:95 Failed to read descriptors from \\?\usb#vid_0bda&pid_8153#001000001#{a5dcbf10-6530-11d2-901f-00c04fb951ed}.
12월 26, 2023 13:24:38.96 [11752:11596:1226/132438.968:ERROR:device_event_log_impl.cc(192)] [13:24:38.967] USB: usb_service_win.cc:104 SetupDiGetDeviceProperty({{A45C254E-DF1C-4EFD-8020-67D146A850E0}, 6}) failed: 요소가 없습니다. (0x490)
12월 26, 2023 13:24:44.50 [11752:11596:1226/132444.500:ERROR:device_event_log_impl.cc(192)] [13:24:44.503] USB: usb_service_win.cc:104 SetupDiGetDeviceProperty({{A45C254E-DF1C-4EFD-8020-67D146A850E0}, 6}) failed: 요소가 없습니다. (0x490)
12월 26, 2023 13:29:14.23 [11752:11596:1226/132914.232:ERROR:device_event_log_impl.cc(192)] [13:29:14.229] USB: usb_service_win.cc:104 SetupDiGetDeviceProperty({{A45C254E-DF1C-4EFD-8020-67D146A850E0}, 6}) failed: 요소가 없습니다. (0x490)
12월 26, 2023 14:58:24.96 [11752:11596:1226/145824.959:ERROR:device_event_log_impl.cc(192)] [14:58:24.951] USB: usb_service_win.cc:104 SetupDiGetDeviceProperty({{A45C254E-DF1C-4EFD-8020-67D146A850E0}, 6}) failed: 요소가 없습니다. (0x490)
12월 26, 2023 14:58:24.97 [11752:11596:1226/145824.971:ERROR:device_event_log_impl.cc(192)] [14:58:24.964] USB: usb_service_win.cc:307 SetupDiEnumDeviceInterfaces: 사용 가능한 데이터가 없습니다. (0x103)
12월 26, 2023 14:58:30.33 [11752:11596:1226/145830.333:ERROR:device_event_log_impl.cc(192)] [14:58:30.339] USB: usb_service_win.cc:104 SetupDiGetDeviceProperty({{A45C254E-DF1C-4EFD-8020-67D146A850E0}, 6}) failed: 요소가 없습니다. (0x490)
12월 26, 2023 14:58:36.35 [11752:11596:1226/145836.349:ERROR:device_event_log_impl.cc(192)] [14:58:36.341] USB: usb_service_win.cc:104 SetupDiGetDeviceProperty({{A45C254E-DF1C-4EFD-8020-67D146A850E0}, 6}) failed: 요소가 없습니다. (0x490)
12월 26, 2023 15:02:09.61 [4868:7924:1226/150209.613:ERROR:usb_descriptors.cc(141)] Failed to read length for configuration 1.
12월 26, 2023 15:02:09.61 [4868:7924:1226/150209.613:ERROR:usb_descriptors.cc(100)] Failed to read all configuration descriptors. Expected 2, got 1.
12월 26, 2023 15:02:09.61 [4868:7924:1226/150209.613:ERROR:device_event_log_impl.cc(192)] [15:02:09.621] USB: usb_device_win.cc:95 Failed to read descriptors from \\?\usb#vid_0bda&pid_8153#001000001#{a5dcbf10-6530-11d2-901f-00c04fb951ed}.
12월 26, 2023 15:37:45.73 [4868:7924:1226/153745.731:ERROR:device_event_log_impl.cc(192)] [15:37:45.731] USB: usb_service_win.cc:104 SetupDiGetDeviceProperty({{A45C254E-DF1C-4EFD-8020-67D146A850E0}, 6}) failed: 요소가 없습니다. (0x490)
12월 26, 2023 15:37:50.03 [4868:7924:1226/153750.032:ERROR:device_event_log_impl.cc(192)] [15:37:50.031] USB: usb_service_win.cc:104 SetupDiGetDeviceProperty({{A45C254E-DF1C-4EFD-8020-67D146A850E0}, 6}) failed: 요소가 없습니다. (0x490)
12월 26, 2023 16:06:40.70 [15184:9064:1226/160640.707:ERROR:usb_descriptors.cc(141)] Failed to read length for configuration 1.
12월 26, 2023 16:06:40.70 [15184:9064:1226/160640.707:ERROR:usb_descriptors.cc(100)] Failed to read all configuration descriptors. Expected 2, got 1.
12월 26, 2023 16:06:40.71 [15184:9064:1226/160640.707:ERROR:device_event_log_impl.cc(192)] [16:06:40.700] USB: usb_device_win.cc:95 Failed to read descriptors from \\?\usb#vid_0bda&pid_8153#001000001#{a5dcbf10-6530-11d2-901f-00c04fb951ed}.
12월 26, 2023 16:16:39.78 [17112:18920:1226/161639.781:ERROR:usb_descriptors.cc(141)] Failed to read length for configuration 1.
12월 26, 2023 16:16:39.78 [17112:18920:1226/161639.781:ERROR:usb_descriptors.cc(100)] Failed to read all configuration descriptors. Expected 2, got 1.
12월 26, 2023 16:16:39.78 [17112:18920:1226/161639.781:ERROR:device_event_log_impl.cc(192)] [16:16:39.781] USB: usb_device_win.cc:95 Failed to read descriptors from \\?\usb#vid_0bda&pid_8153#001000001#{a5dcbf10-6530-11d2-901f-00c04fb951ed}.
12월 26, 2023 16:25:15.73 [9276:17204:1226/162515.736:ERROR:usb_descriptors.cc(141)] Failed to read length for configuration 1.
12월 26, 2023 16:25:15.73 [9276:17204:1226/162515.736:ERROR:usb_descriptors.cc(100)] Failed to read all configuration descriptors. Expected 2, got 1.
12월 26, 2023 16:25:15.73 [9276:17204:1226/162515.736:ERROR:device_event_log_impl.cc(192)] [16:25:15.744] USB: usb_device_win.cc:95 Failed to read descriptors from \\?\usb#vid_0bda&pid_8153#001000001#{a5dcbf10-6530-11d2-901f-00c04fb951ed}.
12월 26, 2023 17:21:14.55 [8396:15496:1226/172114.556:ERROR:usb_descriptors.cc(141)] Failed to read length for configuration 1.
12월 26, 2023 17:21:14.55 [8396:15496:1226/172114.556:ERROR:usb_descriptors.cc(100)] Failed to read all configuration descriptors. Expected 2, got 1.
12월 26, 2023 17:21:14.55 [8396:15496:1226/172114.557:ERROR:device_event_log_impl.cc(192)] [17:21:14.556] USB: usb_device_win.cc:95 Failed to read descriptors from \\?\usb#vid_0bda&pid_8153#001000001#{a5dcbf10-6530-11d2-901f-00c04fb951ed}.
12월 26, 2023 17:26:47.49 [2932:18000:1226/172647.493:ERROR:usb_descriptors.cc(141)] Failed to read length for configuration 1.
12월 26, 2023 17:26:47.50 [2932:18000:1226/172647.493:ERROR:usb_descriptors.cc(100)] Failed to read all configuration descriptors. Expected 2, got 1.
12월 26, 2023 17:26:47.50 [2932:18000:1226/172647.493:ERROR:device_event_log_impl.cc(192)] [17:26:47.487] USB: usb_device_win.cc:95 Failed to read descriptors from \\?\usb#vid_0bda&pid_8153#001000001#{a5dcbf10-6530-11d2-901f-00c04fb951ed}.
12월 26, 2023 17:37:28.02 [15496:16264:1226/173728.029:ERROR:usb_descriptors.cc(141)] Failed to read length for configuration 1.
12월 26, 2023 17:37:28.02 [15496:16264:1226/173728.029:ERROR:usb_descriptors.cc(100)] Failed to read all configuration descriptors. Expected 2, got 1.
12월 26, 2023 17:37:28.02 [15496:16264:1226/173728.029:ERROR:device_event_log_impl.cc(192)] [17:37:28.038] USB: usb_device_win.cc:95 Failed to read descriptors from \\?\usb#vid_0bda&pid_8153#001000001#{a5dcbf10-6530-11d2-901f-00c04fb951ed}.
12월 26, 2023 21:18:56.11 [17808:9448:1226/211856.113:ERROR:usb_descriptors.cc(141)] Failed to read length for configuration 1.
12월 26, 2023 21:18:56.11 [17808:9448:1226/211856.113:ERROR:usb_descriptors.cc(100)] Failed to read all configuration descriptors. Expected 2, got 1.
12월 26, 2023 21:18:56.11 [17808:9448:1226/211856.113:ERROR:device_event_log_impl.cc(192)] [21:18:56.107] USB: usb_device_win.cc:95 Failed to read descriptors from \\?\usb#vid_0bda&pid_8153#001000001#{a5dcbf10-6530-11d2-901f-00c04fb951ed}.
12월 26, 2023 21:35:33.10 [2980:2956:1226/213533.108:ERROR:usb_descriptors.cc(141)] Failed to read length for configuration 1.
12월 26, 2023 21:35:33.10 [2980:2956:1226/213533.108:ERROR:usb_descriptors.cc(100)] Failed to read all configuration descriptors. Expected 2, got 1.
12월 26, 2023 21:35:33.10 [2980:2956:1226/213533.108:ERROR:device_event_log_impl.cc(192)] [21:35:33.102] USB: usb_device_win.cc:95 Failed to read descriptors from \\?\usb#vid_0bda&pid_8153#001000001#{a5dcbf10-6530-11d2-901f-00c04fb951ed}.
12월 26, 2023 21:37:12.77 [10700:7412:1226/213712.774:ERROR:usb_descriptors.cc(141)] Failed to read length for configuration 1.
12월 26, 2023 21:37:12.77 [10700:7412:1226/213712.774:ERROR:usb_descriptors.cc(100)] Failed to read all configuration descriptors. Expected 2, got 1.
12월 26, 2023 21:37:12.77 [10700:7412:1226/213712.774:ERROR:device_event_log_impl.cc(192)] [21:37:12.777] USB: usb_device_win.cc:95 Failed to read descriptors from \\?\usb#vid_0bda&pid_8153#001000001#{a5dcbf10-6530-11d2-901f-00c04fb951ed}.
12월 26, 2023 21:50:09.35 [10700:7412:1226/215009.359:ERROR:device_event_log_impl.cc(192)] [21:50:09.344] USB: usb_service_win.cc:104 SetupDiGetDeviceProperty({{A45C254E-DF1C-4EFD-8020-67D146A850E0}, 6}) failed: 요소가 없습니다. (0x490)
12월 26, 2023 21:50:09.36 [10700:7412:1226/215009.362:ERROR:device_event_log_impl.cc(192)] [21:50:09.348] USB: usb_service_win.cc:307 SetupDiEnumDeviceInterfaces: 사용 가능한 데이터가 없습니다. (0x103)
12월 26, 2023 21:59:21.82 [10700:7412:1226/215921.819:ERROR:interface_endpoint_client.cc(702)] Message 0 rejected by interface blink.mojom.WidgetHost
12월 26, 2023 22:17:19.40 [10700:7412:1226/221719.409:ERROR:device_event_log_impl.cc(192)] [22:17:19.409] USB: usb_service_win.cc:104 SetupDiGetDeviceProperty({{A45C254E-DF1C-4EFD-8020-67D146A850E0}, 6}) failed: 요소가 없습니다. (0x490)
12월 26, 2023 22:34:40.42 [10700:7412:1226/223440.417:ERROR:device_event_log_impl.cc(192)] [22:34:40.418] USB: usb_service_win.cc:104 SetupDiGetDeviceProperty({{A45C254E-DF1C-4EFD-8020-67D146A850E0}, 6}) failed: 요소가 없습니다. (0x490)
12월 26, 2023 22:46:18.07 [10700:7412:1226/224618.079:ERROR:device_event_log_impl.cc(192)] [22:46:18.086] USB: usb_service_win.cc:104 SetupDiGetDeviceProperty({{A45C254E-DF1C-4EFD-8020-67D146A850E0}, 6}) failed: 요소가 없습니다. (0x490)
12월 26, 2023 23:21:40.12 [10700:7412:1226/232140.128:ERROR:device_event_log_impl.cc(192)] [23:21:40.114] USB: usb_service_win.cc:104 SetupDiGetDeviceProperty({{A45C254E-DF1C-4EFD-8020-67D146A850E0}, 6}) failed: 요소가 없습니다. (0x490)
12월 26, 2023 23:25:55.85 [10700:7412:1226/232555.854:ERROR:device_event_log_impl.cc(192)] [23:25:55.848] USB: usb_service_win.cc:104 SetupDiGetDeviceProperty({{A45C254E-DF1C-4EFD-8020-67D146A850E0}, 6}) failed: 요소가 없습니다. (0x490)
12월 27, 2023 24:31:33.34 [10700:7412:1227/003133.345:ERROR:device_event_log_impl.cc(192)] [00:31:33.345] USB: usb_service_win.cc:104 SetupDiGetDeviceProperty({{A45C254E-DF1C-4EFD-8020-67D146A850E0}, 6}) failed: 요소가 없습니다. (0x490)
12월 27, 2023 24:31:37.74 [10700:7412:1227/003137.745:ERROR:device_event_log_impl.cc(192)] [00:31:37.733] USB: usb_service_win.cc:104 SetupDiGetDeviceProperty({{A45C254E-DF1C-4EFD-8020-67D146A850E0}, 6}) failed: 요소가 없습니다. (0x490)
12월 27, 2023 24:44:59.74 [10700:7412:1227/004459.747:ERROR:device_event_log_impl.cc(192)] [00:44:59.745] USB: usb_service_win.cc:104 SetupDiGetDeviceProperty({{A45C254E-DF1C-4EFD-8020-67D146A850E0}, 6}) failed: 요소가 없습니다. (0x490)

12월 27, 2023 12:08:35.97 NEW SESSION
12월 27, 2023 12:08:35.97 [2424:18884:1227/120835.968:ERROR:CONSOLE(0)] "ReferenceError: dragEvent is not defined", source:  (0)
12월 27, 2023 12:08:37.84 [2424:18884:1227/120837.844:ERROR:CONSOLE(0)] "ReferenceError: dragEvent is not defined", source:  (0)
12월 27, 2023 13:43:27.91 [10992:11136:1227/134327.912:ERROR:CONSOLE(0)] "ReferenceError: dragEvent is not defined", source:  (0)
12월 27, 2023 15:14:47.83 [10992:11136:1227/151447.830:ERROR:device_event_log_impl.cc(192)] [15:14:47.835] USB: usb_service_win.cc:104 SetupDiGetDeviceProperty({{A45C254E-DF1C-4EFD-8020-67D146A850E0}, 6}) failed: 요소가 없습니다. (0x490)
12월 27, 2023 15:26:39.00 [10992:11136:1227/152639.007:ERROR:CONSOLE(0)] "ReferenceError: dragEvent is not defined", source:  (0)
12월 27, 2023 15:32:58.07 [10992:11136:1227/153258.077:ERROR:CONSOLE(0)] "ReferenceError: dragEvent is not defined", source:  (0)
12월 27, 2023 15:33:50.50 [10992:11136:1227/153350.506:ERROR:CONSOLE(0)] "ReferenceError: dragEvent is not defined", source:  (0)
12월 27, 2023 15:51:21.44 [408:15376:1227/155121.449:ERROR:CONSOLE(0)] "ReferenceError: dragEvent is not defined", source:  (0)
12월 27, 2023 15:51:30.84 [408:15376:1227/155130.841:ERROR:CONSOLE(0)] "ReferenceError: dragEvent is not defined", source:  (0)
12월 27, 2023 15:52:24.11 [408:15376:1227/155224.112:ERROR:CONSOLE(0)] "ReferenceError: dragEvent is not defined", source:  (0)
12월 27, 2023 15:52:28.40 [408:15376:1227/155228.406:ERROR:CONSOLE(0)] "ReferenceError: dragEvent is not defined", source:  (0)
12월 27, 2023 16:59:17.36 [20520:7172:1227/165917.345:ERROR:CONSOLE(0)] "ReferenceError: dragEvent is not defined", source:  (0)
12월 27, 2023 16:59:18.86 [20520:7172:1227/165918.865:ERROR:CONSOLE(0)] "ReferenceError: dragEvent is not defined", source:  (0)
12월 27, 2023 17:51:17.56 [6796:21740:1227/175117.556:ERROR:CONSOLE(0)] "ReferenceError: dragEvent is not defined", source:  (0)
12월 27, 2023 18:45:48.44 [6536:9472:1227/184548.443:ERROR:CONSOLE(0)] "ReferenceError: dragEvent is not defined", source:  (0)

12월 28, 2023 10:23:28.11 NEW SESSION
12월 28, 2023 10:23:28.11 [5008:10220:1228/102328.115:ERROR:CONSOLE(0)] "ReferenceError: dragEvent is not defined", source:  (0)
12월 28, 2023 10:23:29.89 [5008:10220:1228/102329.899:ERROR:CONSOLE(0)] "ReferenceError: dragEvent is not defined", source:  (0)
12월 28, 2023 10:36:15.65 [5008:10220:1228/103615.651:ERROR:CONSOLE(0)] "ReferenceError: dragEvent is not defined", source:  (0)
12월 28, 2023 10:37:21.83 [5008:10220:1228/103721.838:ERROR:CONSOLE(0)] "ReferenceError: dragEvent is not defined", source:  (0)
12월 28, 2023 10:37:31.80 [5008:10220:1228/103731.804:ERROR:CONSOLE(0)] "ReferenceError: dragEvent is not defined", source:  (0)
12월 28, 2023 10:37:33.67 [5008:10220:1228/103733.672:ERROR:CONSOLE(0)] "ReferenceError: dragEvent is not defined", source:  (0)
12월 28, 2023 10:37:42.09 [5008:10220:1228/103742.089:ERROR:CONSOLE(0)] "ReferenceError: dragEvent is not defined", source:  (0)
12월 28, 2023 10:46:41.13 [5008:10220:1228/104641.129:ERROR:CONSOLE(0)] "ReferenceError: dragEvent is not defined", source:  (0)

12월 28, 2023 15:37:51.42 NEW SESSION
12월 28, 2023 15:37:51.42 [19868:17644:1228/153751.390:ERROR:device_event_log_impl.cc(192)] [15:37:51.382] USB: usb_service_win.cc:104 SetupDiGetDeviceProperty({{A45C254E-DF1C-4EFD-8020-67D146A850E0}, 6}) failed: 요소가 없습니다. (0x490)
12월 28, 2023 16:24:50.52 [19868:17644:1228/162450.522:ERROR:device_event_log_impl.cc(192)] [16:24:50.471] USB: usb_service_win.cc:104 SetupDiGetDeviceProperty({{A45C254E-DF1C-4EFD-8020-67D146A850E0}, 6}) failed: 요소가 없습니다. (0x490)

12월 28, 2023 18:53:04.80 NEW SESSION
12월 28, 2023 18:53:04.80 [16984:16348:1228/185304.791:ERROR:device_event_log_impl.cc(192)] [18:53:04.791] USB: usb_service_win.cc:104 SetupDiGetDeviceProperty({{A45C254E-DF1C-4EFD-8020-67D146A850E0}, 6}) failed: 요소가 없습니다. (0x490)

12월 28, 2023 19:29:39.71 NEW SESSION
12월 28, 2023 19:29:39.71 [9396:19472:1228/192939.718:ERROR:device_event_log_impl.cc(192)] [19:29:39.719] USB: usb_service_win.cc:104 SetupDiGetDeviceProperty({{A45C254E-DF1C-4EFD-8020-67D146A850E0}, 6}) failed: 요소가 없습니다. (0x490)

12월 28, 2023 20:52:52.80 NEW SESSION
12월 28, 2023 20:52:52.80 [16396:18476:1228/205252.796:ERROR:device_event_log_impl.cc(192)] [20:52:52.797] USB: usb_service_win.cc:104 SetupDiGetDeviceProperty({{A45C254E-DF1C-4EFD-8020-67D146A850E0}, 6}) failed: 요소가 없습니다. (0x490)

12월 29, 2023 16:10:22.05 NEW SESSION
12월 29, 2023 16:10:22.05 [14356:16872:1229/161022.030:ERROR:device_event_log_impl.cc(192)] [16:10:22.024] USB: usb_service_win.cc:104 SetupDiGetDeviceProperty({{A45C254E-DF1C-4EFD-8020-67D146A850E0}, 6}) failed: 요소가 없습니다. (0x490)
12월 29, 2023 17:48:45.45 [14356:16872:1229/174845.451:ERROR:device_event_log_impl.cc(192)] [17:48:45.447] USB: usb_service_win.cc:104 SetupDiGetDeviceProperty({{A45C254E-DF1C-4EFD-8020-67D146A850E0}, 6}) failed: 요소가 없습니다. (0x490)
